<?xml version="1.0" encoding="UTF-8" ?>
<testsuite tests="1" failures="0" name="TestSuite" time="2.934" errors="0" skipped="0">
  <properties>
    <property name="java.runtime.name" value="Java(TM) SE Runtime Environment"/>
    <property name="sun.boot.library.path" value="D:\java\jdk\jre\bin"/>
    <property name="java.vm.version" value="25.31-b07"/>
    <property name="java.vm.vendor" value="Oracle Corporation"/>
    <property name="java.vendor.url" value="http://java.oracle.com/"/>
    <property name="path.separator" value=";"/>
    <property name="java.vm.name" value="Java HotSpot(TM) 64-Bit Server VM"/>
    <property name="file.encoding.pkg" value="sun.io"/>
    <property name="user.script" value=""/>
    <property name="user.country" value="CN"/>
    <property name="sun.java.launcher" value="SUN_STANDARD"/>
    <property name="sun.os.patch.level" value=""/>
    <property name="java.vm.specification.name" value="Java Virtual Machine Specification"/>
    <property name="user.dir" value="E:\workspace\eshare_workspace\shareQaApi"/>
    <property name="java.runtime.version" value="1.8.0_31-b13"/>
    <property name="java.awt.graphicsenv" value="sun.awt.Win32GraphicsEnvironment"/>
    <property name="basedir" value="E:\workspace\eshare_workspace\shareQaApi"/>
    <property name="java.endorsed.dirs" value="D:\java\jdk\jre\lib\endorsed"/>
    <property name="os.arch" value="amd64"/>
    <property name="surefire.real.class.path" value="C:\Users\lu\AppData\Local\Temp\surefirebooter7422885904923195222.jar"/>
    <property name="java.io.tmpdir" value="C:\Users\lu\AppData\Local\Temp\"/>
    <property name="line.separator" value="
"/>
    <property name="java.vm.specification.vendor" value="Oracle Corporation"/>
    <property name="user.variant" value=""/>
    <property name="os.name" value="Windows 8.1"/>
    <property name="sun.jnu.encoding" value="GBK"/>
    <property name="java.library.path" value="D:\java\jdk\jre\bin;C:\WINDOWS\Sun\Java\bin;C:\WINDOWS\system32;C:\WINDOWS;D:/software_work/jdk/jdk1.7/bin/client;D:/software_work/jdk/jdk1.7/bin;D:/software_work/jdk/jdk1.7/lib/i386;C:\ProgramData\Oracle\Java\javapath;C:\Perl\site\bin;C:\Perl\bin;C:\Program Files (x86)\Intel\iCLS Client\;C:\Program Files\Intel\iCLS Client\;C:\Program Files (x86)\NVIDIA Corporation\PhysX\Common;C:\WINDOWS\system32;C:\WINDOWS;C:\WINDOWS\System32\Wbem;C:\WINDOWS\System32\WindowsPowerShell\v1.0\;C:\Program Files\Intel\WiFi\bin\;C:\Program Files\Common Files\Intel\WirelessCommon\;C:\Program Files (x86)\Intel\OpenCL SDK\2.0\bin\x86;C:\Program Files (x86)\Intel\OpenCL SDK\2.0\bin\x64;C:\Program Files\Intel\Intel(R) Management Engine Components\DAL;C:\Program Files\Intel\Intel(R) Management Engine Components\IPT;C:\Program Files (x86)\Intel\Intel(R) Management Engine Components\DAL;C:\Program Files (x86)\Intel\Intel(R) Management Engine Components\IPT;D:\java\jdk\bin;D:\java\jdk\jre\bin;D:\software_work\apache-maven-3.0.4\bin;D:\software_work\RationalRose\common;D:\software_work\python;D:\software_work\straberryperl\c\bin;D:\software_work\straberryperl\perl\site\bin;D:\software_work\straberryperl\perl\bin;D:\software_work\node\;D:\Android SDK\tools;D:\Android SDK\platform-tools;D:\Android SDK\build-tools\android21.0.2;D:\Appium\node_modules\.bin;E:\slikSVN\bin;D:\software_work\Tortoise\bin;C:\Program Files\Intel\WiFi\bin\;C:\Program Files\Common Files\Intel\WirelessCommon\;C:\Users\lu\AppData\Roaming\npm;D:\software_work\eclipse;;."/>
    <property name="surefire.test.class.path" value="E:\workspace\eshare_workspace\shareQaApi\target\test-classes;E:\workspace\eshare_workspace\shareQaApi\target\classes;D:\Maven-Repository\log4j\log4j\1.2.17\log4j-1.2.17.jar;D:\Maven-Repository\org\apache\poi\poi-ooxml\3.14\poi-ooxml-3.14.jar;D:\Maven-Repository\org\apache\poi\poi\3.14\poi-3.14.jar;D:\Maven-Repository\org\apache\poi\poi-ooxml-schemas\3.14\poi-ooxml-schemas-3.14.jar;D:\Maven-Repository\org\apache\xmlbeans\xmlbeans\2.6.0\xmlbeans-2.6.0.jar;D:\Maven-Repository\stax\stax-api\1.0.1\stax-api-1.0.1.jar;D:\Maven-Repository\com\github\virtuald\curvesapi\1.03\curvesapi-1.03.jar;D:\Maven-Repository\org\apache\httpcomponents\httpclient\4.5.2\httpclient-4.5.2.jar;D:\Maven-Repository\org\apache\httpcomponents\httpcore\4.4.4\httpcore-4.4.4.jar;D:\Maven-Repository\commons-logging\commons-logging\1.2\commons-logging-1.2.jar;D:\Maven-Repository\commons-codec\commons-codec\1.9\commons-codec-1.9.jar;D:\Maven-Repository\com\google\inject\guice\3.0\guice-3.0.jar;D:\Maven-Repository\javax\inject\javax.inject\1\javax.inject-1.jar;D:\Maven-Repository\aopalliance\aopalliance\1.0\aopalliance-1.0.jar;D:\Maven-Repository\com\google\guava\guava\15.0\guava-15.0.jar;D:\Maven-Repository\mysql\mysql-connector-java\5.1.6\mysql-connector-java-5.1.6.jar;D:\Maven-Repository\org\uncommons\reportng\1.1.4\reportng-1.1.4.jar;D:\Maven-Repository\velocity\velocity\1.4\velocity-1.4.jar;D:\Maven-Repository\velocity\velocity-dep\1.4\velocity-dep-1.4.jar;D:\Maven-Repository\org\json\json\20160810\json-20160810.jar;D:\Maven-Repository\org\testng\testng\6.8.8\testng-6.8.8.jar;D:\Maven-Repository\org\beanshell\bsh\2.0b4\bsh-2.0b4.jar;D:\Maven-Repository\com\beust\jcommander\1.27\jcommander-1.27.jar;"/>
    <property name="java.specification.name" value="Java Platform API Specification"/>
    <property name="java.class.version" value="52.0"/>
    <property name="sun.management.compiler" value="HotSpot 64-Bit Tiered Compilers"/>
    <property name="os.version" value="6.3"/>
    <property name="user.home" value="C:\Users\lu"/>
    <property name="user.timezone" value="Asia/Shanghai"/>
    <property name="java.awt.printerjob" value="sun.awt.windows.WPrinterJob"/>
    <property name="java.specification.version" value="1.8"/>
    <property name="file.encoding" value="GBK"/>
    <property name="user.name" value="lu"/>
    <property name="java.class.path" value="E:\workspace\eshare_workspace\shareQaApi\target\test-classes;E:\workspace\eshare_workspace\shareQaApi\target\classes;D:\Maven-Repository\log4j\log4j\1.2.17\log4j-1.2.17.jar;D:\Maven-Repository\org\apache\poi\poi-ooxml\3.14\poi-ooxml-3.14.jar;D:\Maven-Repository\org\apache\poi\poi\3.14\poi-3.14.jar;D:\Maven-Repository\org\apache\poi\poi-ooxml-schemas\3.14\poi-ooxml-schemas-3.14.jar;D:\Maven-Repository\org\apache\xmlbeans\xmlbeans\2.6.0\xmlbeans-2.6.0.jar;D:\Maven-Repository\stax\stax-api\1.0.1\stax-api-1.0.1.jar;D:\Maven-Repository\com\github\virtuald\curvesapi\1.03\curvesapi-1.03.jar;D:\Maven-Repository\org\apache\httpcomponents\httpclient\4.5.2\httpclient-4.5.2.jar;D:\Maven-Repository\org\apache\httpcomponents\httpcore\4.4.4\httpcore-4.4.4.jar;D:\Maven-Repository\commons-logging\commons-logging\1.2\commons-logging-1.2.jar;D:\Maven-Repository\commons-codec\commons-codec\1.9\commons-codec-1.9.jar;D:\Maven-Repository\com\google\inject\guice\3.0\guice-3.0.jar;D:\Maven-Repository\javax\inject\javax.inject\1\javax.inject-1.jar;D:\Maven-Repository\aopalliance\aopalliance\1.0\aopalliance-1.0.jar;D:\Maven-Repository\com\google\guava\guava\15.0\guava-15.0.jar;D:\Maven-Repository\mysql\mysql-connector-java\5.1.6\mysql-connector-java-5.1.6.jar;D:\Maven-Repository\org\uncommons\reportng\1.1.4\reportng-1.1.4.jar;D:\Maven-Repository\velocity\velocity\1.4\velocity-1.4.jar;D:\Maven-Repository\velocity\velocity-dep\1.4\velocity-dep-1.4.jar;D:\Maven-Repository\org\json\json\20160810\json-20160810.jar;D:\Maven-Repository\org\testng\testng\6.8.8\testng-6.8.8.jar;D:\Maven-Repository\org\beanshell\bsh\2.0b4\bsh-2.0b4.jar;D:\Maven-Repository\com\beust\jcommander\1.27\jcommander-1.27.jar;"/>
    <property name="java.vm.specification.version" value="1.8"/>
    <property name="sun.arch.data.model" value="64"/>
    <property name="java.home" value="D:\java\jdk\jre"/>
    <property name="sun.java.command" value="C:\Users\lu\AppData\Local\Temp\surefirebooter7422885904923195222.jar C:\Users\lu\AppData\Local\Temp\surefire4654087744032900970tmp C:\Users\lu\AppData\Local\Temp\surefire2587870188631439939tmp"/>
    <property name="java.specification.vendor" value="Oracle Corporation"/>
    <property name="user.language" value="zh"/>
    <property name="awt.toolkit" value="sun.awt.windows.WToolkit"/>
    <property name="java.vm.info" value="mixed mode"/>
    <property name="java.version" value="1.8.0_31"/>
    <property name="java.ext.dirs" value="D:\java\jdk\jre\lib\ext;C:\WINDOWS\Sun\Java\lib\ext"/>
    <property name="sun.boot.class.path" value="D:\java\jdk\jre\lib\resources.jar;D:\java\jdk\jre\lib\rt.jar;D:\java\jdk\jre\lib\sunrsasign.jar;D:\java\jdk\jre\lib\jsse.jar;D:\java\jdk\jre\lib\jce.jar;D:\java\jdk\jre\lib\charsets.jar;D:\java\jdk\jre\lib\jfr.jar;D:\java\jdk\jre\classes"/>
    <property name="java.vendor" value="Oracle Corporation"/>
    <property name="localRepository" value="D:\Maven-Repository"/>
    <property name="file.separator" value="\"/>
    <property name="java.vendor.url.bug" value="http://bugreport.sun.com/bugreport/"/>
    <property name="sun.cpu.endian" value="little"/>
    <property name="sun.io.unicode.encoding" value="UnicodeLittle"/>
    <property name="sun.desktop" value="windows"/>
    <property name="sun.cpu.isalist" value="amd64"/>
  </properties>
  <testcase classname="com.test.one.Test" name="f" time="0.426"/>
</testsuite>