<?xml version="1.0" encoding="UTF-8"?>
<!-- Generated by org.testng.reporters.JUnitReportReporter -->
<testsuite hostname="lu-PC" name="com.test.one.Test" tests="1" failures="0" timestamp="23 Oct 2016 12:53:22 GMT" time="1.734" errors="0">
  <testcase name="f" time="1.734" classname="com.test.one.Test"/>
</testsuite> <!-- com.test.one.Test -->
